#
# There is insufficient memory for the Java Runtime Environment to continue.
# Native memory allocation (malloc) failed to allocate 32744 bytes for ChunkPool::allocate
# Possible reasons:
#   The system is out of physical RAM or swap space
#   The process is running with CompressedOops enabled, and the Java Heap may be blocking the growth of the native heap
# Possible solutions:
#   Reduce memory load on the system
#   Increase physical memory or swap space
#   Check if swap backing store is full
#   Decrease Java heap size (-Xmx/-Xms)
#   Decrease number of Java threads
#   Decrease Java thread stack sizes (-Xss)
#   Set larger code cache with -XX:ReservedCodeCacheSize=
#   JVM is running with Unscaled Compressed Oops mode in which the Java heap is
#     placed in the first 4GB address space. The Java Heap base address is the
#     maximum limit for the native heap growth. Please use -XX:HeapBaseMinAddress
#     to set the Java Heap base and to place the Java Heap above 4GB virtual address.
# This output file may be truncated or incomplete.
#
#  Out of Memory Error (t:/workspace/open/src/hotspot/share/memory/arena.cpp:81), pid=10496, tid=8968
#
# JRE version: Java(TM) SE Runtime Environment (12.0+33) (build 12+33)
# Java VM: Java HotSpot(TM) 64-Bit Server VM (12+33, mixed mode, sharing, tiered, compressed oops, g1 gc, windows-amd64)
# No core dump will be written. Minidumps are not enabled by default on client versions of Windows
#

---------------  S U M M A R Y ------------

Command Line: Vista.Pregunta

Host: Intel(R) Celeron(R) CPU B815 @ 1.60GHz, 2 cores, 5G,  Windows 7 , 64 bit Build 7601 (6.1.7601.18015)
Time: Mon Jun  6 16:57:23 2022 Hora est. Pacífico, Sudamérica elapsed time: 90 seconds (0d 0h 1m 30s)

---------------  T H R E A D  ---------------

Current thread (0x00000000204a1800):  JavaThread "C1 CompilerThread0" daemon [_thread_in_native, id=8968, stack(0x0000000020d20000,0x0000000020e20000)]


Current CompileTask:
C1:  90905 2112   !   3       java.awt.DefaultKeyboardFocusManager::dispatchEvent (1616 bytes)

Stack: [0x0000000020d20000,0x0000000020e20000]
Native frames: (J=compiled Java code, j=interpreted, Vv=VM code, C=native code)
V  [jvm.dll+0x63948a]
V  [jvm.dll+0x78b31f]
V  [jvm.dll+0x78c9c1]
V  [jvm.dll+0x78d013]
V  [jvm.dll+0x262138]
V  [jvm.dll+0xc5a56]
V  [jvm.dll+0xc5dac]
V  [jvm.dll+0x11a11c]
V  [jvm.dll+0x17e75d]
V  [jvm.dll+0x17ef03]
V  [jvm.dll+0x1318ff]
V  [jvm.dll+0x131109]
V  [jvm.dll+0x13133f]
V  [jvm.dll+0x1304a7]
V  [jvm.dll+0x132557]
V  [jvm.dll+0x22a534]
V  [jvm.dll+0x228b88]
V  [jvm.dll+0x74f660]
V  [jvm.dll+0x748648]
V  [jvm.dll+0x638566]
C  [ucrtbase.DLL+0x1d885]
C  [kernel32.dll+0x1652d]
C  [ntdll.dll+0x2c541]


---------------  P R O C E S S  ---------------

Threads class SMR info:
_java_thread_list=0x0000000021788ca0, length=14, elements={
0x000000002047c800, 0x000000002047e800, 0x0000000020496800, 0x0000000020499800,
0x000000002049c800, 0x00000000204a1800, 0x00000000204ac000, 0x00000000205e9800,
0x00000000215b3800, 0x0000000021826800, 0x0000000021827000, 0x000000002184d000,
0x0000000021919800, 0x000000000033a000
}

Java Threads: ( => current thread )
  0x000000002047c800 JavaThread "Reference Handler" daemon [_thread_blocked, id=8620, stack(0x000000001f920000,0x000000001fa20000)]
  0x000000002047e800 JavaThread "Finalizer" daemon [_thread_blocked, id=9596, stack(0x0000000020800000,0x0000000020900000)]
  0x0000000020496800 JavaThread "Signal Dispatcher" daemon [_thread_blocked, id=12144, stack(0x00000000209c0000,0x0000000020ac0000)]
  0x0000000020499800 JavaThread "Attach Listener" daemon [_thread_blocked, id=828, stack(0x0000000020bb0000,0x0000000020cb0000)]
  0x000000002049c800 JavaThread "C2 CompilerThread0" daemon [_thread_blocked, id=7808, stack(0x0000000020e20000,0x0000000020f20000)]
=>0x00000000204a1800 JavaThread "C1 CompilerThread0" daemon [_thread_in_native, id=8968, stack(0x0000000020d20000,0x0000000020e20000)]
  0x00000000204ac000 JavaThread "Sweeper thread" daemon [_thread_blocked, id=11904, stack(0x0000000020ff0000,0x00000000210f0000)]
  0x00000000205e9800 JavaThread "Service Thread" daemon [_thread_blocked, id=12124, stack(0x0000000021220000,0x0000000021320000)]
  0x00000000215b3800 JavaThread "Common-Cleaner" daemon [_thread_blocked, id=1076, stack(0x0000000021a90000,0x0000000021b90000)]
  0x0000000021826800 JavaThread "Java2D Disposer" daemon [_thread_blocked, id=3764, stack(0x0000000021bb0000,0x0000000021cb0000)]
  0x0000000021827000 JavaThread "AWT-Shutdown" [_thread_blocked, id=6688, stack(0x0000000021ec0000,0x0000000021fc0000)]
  0x000000002184d000 JavaThread "AWT-Windows" daemon [_thread_in_native, id=3104, stack(0x00000000210f0000,0x00000000211f0000)]
  0x0000000021919800 JavaThread "AWT-EventQueue-0" [_thread_blocked, id=11792, stack(0x0000000022020000,0x0000000022120000)]
  0x000000000033a000 JavaThread "DestroyJavaVM" [_thread_blocked, id=4588, stack(0x0000000001ec0000,0x0000000001fc0000)]

Other Threads:
  0x0000000020477000 VMThread "VM Thread" [stack: 0x00000000206d0000,0x00000000207d0000] [id=7916]
  0x00000000205ef000 WatcherThread [stack: 0x00000000214b0000,0x00000000215b0000] [id=5416]
  0x0000000000371000 GCTaskThread "GC Thread#0" [stack: 0x000000001d210000,0x000000001d310000] [id=11728]
  0x0000000021925800 GCTaskThread "GC Thread#1" [stack: 0x0000000023a20000,0x0000000023b20000] [id=9480]
  0x000000000037b800 ConcurrentGCThread "G1 Main Marker" [stack: 0x000000001d420000,0x000000001d520000] [id=11764]
  0x000000000037e000 ConcurrentGCThread "G1 Conc#0" [stack: 0x000000001d630000,0x000000001d730000] [id=9848]
  0x000000001d522800 ConcurrentGCThread "G1 Refine#0" [stack: 0x000000001f800000,0x000000001f900000] [id=5288]
  0x0000000021648000 ConcurrentGCThread "G1 Refine#1" [stack: 0x0000000023bb0000,0x0000000023cb0000] [id=11796]
  0x000000001d523800 ConcurrentGCThread "G1 Young RemSet Sampling" [stack: 0x000000001faf0000,0x000000001fbf0000] [id=2260]

Threads with active compile tasks:
C1 CompilerThread0  2112   !   3       java.awt.DefaultKeyboardFocusManager::dispatchEvent (1616 bytes)

VM state:not at safepoint (normal execution)

VM Mutex/Monitor currently owned by a thread: None

Heap address: 0x00000000a2400000, size: 1500 MB, Compressed Oops mode: 32-bit
Narrow klass base: 0x0000000800000000, Narrow klass shift: 3
Compressed class space size: 1073741824 Address: 0x00000008011a0000

Heap:
 garbage-first heap   total 96256K, used 10088K [0x00000000a2400000, 0x0000000100000000)
  region size 1024K, 7 young (7168K), 2 survivors (2048K)
 Metaspace       used 18104K, capacity 18549K, committed 18688K, reserved 1064960K
  class space    used 2083K, capacity 2257K, committed 2304K, reserved 1048576K
Heap Regions: E=young(eden), S=young(survivor), O=old, HS=humongous(starts), HC=humongous(continues), CS=collection set, F=free, A=archive, TAMS=top-at-mark-start (previous, next)
|   0|0x00000000a2400000, 0x00000000a2500000, 0x00000000a2500000|100%| O|  |TAMS 0x00000000a2400000, 0x00000000a2400000| Untracked 
|   1|0x00000000a2500000, 0x00000000a2600000, 0x00000000a2600000|100%| O|  |TAMS 0x00000000a2500000, 0x00000000a2500000| Untracked 
|   2|0x00000000a2600000, 0x00000000a26da000, 0x00000000a2700000| 85%| O|  |TAMS 0x00000000a2600000, 0x00000000a2600000| Untracked 
|   3|0x00000000a2700000, 0x00000000a2800000, 0x00000000a2800000|100%|HS|  |TAMS 0x00000000a2700000, 0x00000000a2700000| Complete 
|   4|0x00000000a2800000, 0x00000000a2900000, 0x00000000a2900000|100%|HS|  |TAMS 0x00000000a2800000, 0x00000000a2800000| Complete 
|   5|0x00000000a2900000, 0x00000000a2900000, 0x00000000a2a00000|  0%| F|  |TAMS 0x00000000a2900000, 0x00000000a2900000| Untracked 
|   6|0x00000000a2a00000, 0x00000000a2a00000, 0x00000000a2b00000|  0%| F|  |TAMS 0x00000000a2a00000, 0x00000000a2a00000| Untracked 
|   7|0x00000000a2b00000, 0x00000000a2b00000, 0x00000000a2c00000|  0%| F|  |TAMS 0x00000000a2b00000, 0x00000000a2b00000| Untracked 
|   8|0x00000000a2c00000, 0x00000000a2c00000, 0x00000000a2d00000|  0%| F|  |TAMS 0x00000000a2c00000, 0x00000000a2c00000| Untracked 
|   9|0x00000000a2d00000, 0x00000000a2d00000, 0x00000000a2e00000|  0%| F|  |TAMS 0x00000000a2d00000, 0x00000000a2d00000| Untracked 
|  10|0x00000000a2e00000, 0x00000000a2e00000, 0x00000000a2f00000|  0%| F|  |TAMS 0x00000000a2e00000, 0x00000000a2e00000| Untracked 
|  11|0x00000000a2f00000, 0x00000000a2f00000, 0x00000000a3000000|  0%| F|  |TAMS 0x00000000a2f00000, 0x00000000a2f00000| Untracked 
|  12|0x00000000a3000000, 0x00000000a3000000, 0x00000000a3100000|  0%| F|  |TAMS 0x00000000a3000000, 0x00000000a3000000| Untracked 
|  13|0x00000000a3100000, 0x00000000a3100000, 0x00000000a3200000|  0%| F|  |TAMS 0x00000000a3100000, 0x00000000a3100000| Untracked 
|  14|0x00000000a3200000, 0x00000000a3200000, 0x00000000a3300000|  0%| F|  |TAMS 0x00000000a3200000, 0x00000000a3200000| Untracked 
|  15|0x00000000a3300000, 0x00000000a3300000, 0x00000000a3400000|  0%| F|  |TAMS 0x00000000a3300000, 0x00000000a3300000| Untracked 
|  16|0x00000000a3400000, 0x00000000a3400000, 0x00000000a3500000|  0%| F|  |TAMS 0x00000000a3400000, 0x00000000a3400000| Untracked 
|  17|0x00000000a3500000, 0x00000000a3500000, 0x00000000a3600000|  0%| F|  |TAMS 0x00000000a3500000, 0x00000000a3500000| Untracked 
|  18|0x00000000a3600000, 0x00000000a3600000, 0x00000000a3700000|  0%| F|  |TAMS 0x00000000a3600000, 0x00000000a3600000| Untracked 
|  19|0x00000000a3700000, 0x00000000a3700000, 0x00000000a3800000|  0%| F|  |TAMS 0x00000000a3700000, 0x00000000a3700000| Untracked 
|  20|0x00000000a3800000, 0x00000000a3800000, 0x00000000a3900000|  0%| F|  |TAMS 0x00000000a3800000, 0x00000000a3800000| Untracked 
|  21|0x00000000a3900000, 0x00000000a3900000, 0x00000000a3a00000|  0%| F|  |TAMS 0x00000000a3900000, 0x00000000a3900000| Untracked 
|  22|0x00000000a3a00000, 0x00000000a3a00000, 0x00000000a3b00000|  0%| F|  |TAMS 0x00000000a3a00000, 0x00000000a3a00000| Untracked 
|  23|0x00000000a3b00000, 0x00000000a3b00000, 0x00000000a3c00000|  0%| F|  |TAMS 0x00000000a3b00000, 0x00000000a3b00000| Untracked 
|  24|0x00000000a3c00000, 0x00000000a3c00000, 0x00000000a3d00000|  0%| F|  |TAMS 0x00000000a3c00000, 0x00000000a3c00000| Untracked 
|  25|0x00000000a3d00000, 0x00000000a3d00000, 0x00000000a3e00000|  0%| F|  |TAMS 0x00000000a3d00000, 0x00000000a3d00000| Untracked 
|  26|0x00000000a3e00000, 0x00000000a3e00000, 0x00000000a3f00000|  0%| F|  |TAMS 0x00000000a3e00000, 0x00000000a3e00000| Untracked 
|  27|0x00000000a3f00000, 0x00000000a3f00000, 0x00000000a4000000|  0%| F|  |TAMS 0x00000000a3f00000, 0x00000000a3f00000| Untracked 
|  28|0x00000000a4000000, 0x00000000a4000000, 0x00000000a4100000|  0%| F|  |TAMS 0x00000000a4000000, 0x00000000a4000000| Untracked 
|  29|0x00000000a4100000, 0x00000000a4100000, 0x00000000a4200000|  0%| F|  |TAMS 0x00000000a4100000, 0x00000000a4100000| Untracked 
|  30|0x00000000a4200000, 0x00000000a4200000, 0x00000000a4300000|  0%| F|  |TAMS 0x00000000a4200000, 0x00000000a4200000| Untracked 
|  31|0x00000000a4300000, 0x00000000a4300000, 0x00000000a4400000|  0%| F|  |TAMS 0x00000000a4300000, 0x00000000a4300000| Untracked 
|  32|0x00000000a4400000, 0x00000000a4400000, 0x00000000a4500000|  0%| F|  |TAMS 0x00000000a4400000, 0x00000000a4400000| Untracked 
|  33|0x00000000a4500000, 0x00000000a4500000, 0x00000000a4600000|  0%| F|  |TAMS 0x00000000a4500000, 0x00000000a4500000| Untracked 
|  34|0x00000000a4600000, 0x00000000a4600000, 0x00000000a4700000|  0%| F|  |TAMS 0x00000000a4600000, 0x00000000a4600000| Untracked 
|  35|0x00000000a4700000, 0x00000000a4700000, 0x00000000a4800000|  0%| F|  |TAMS 0x00000000a4700000, 0x00000000a4700000| Untracked 
|  36|0x00000000a4800000, 0x00000000a4800000, 0x00000000a4900000|  0%| F|  |TAMS 0x00000000a4800000, 0x00000000a4800000| Untracked 
|  37|0x00000000a4900000, 0x00000000a4900000, 0x00000000a4a00000|  0%| F|  |TAMS 0x00000000a4900000, 0x00000000a4900000| Untracked 
|  38|0x00000000a4a00000, 0x00000000a4a00000, 0x00000000a4b00000|  0%| F|  |TAMS 0x00000000a4a00000, 0x00000000a4a00000| Untracked 
|  39|0x00000000a4b00000, 0x00000000a4b00000, 0x00000000a4c00000|  0%| F|  |TAMS 0x00000000a4b00000, 0x00000000a4b00000| Untracked 
|  40|0x00000000a4c00000, 0x00000000a4c00000, 0x00000000a4d00000|  0%| F|  |TAMS 0x00000000a4c00000, 0x00000000a4c00000| Untracked 
|  41|0x00000000a4d00000, 0x00000000a4d00000, 0x00000000a4e00000|  0%| F|  |TAMS 0x00000000a4d00000, 0x00000000a4d00000| Untracked 
|  42|0x00000000a4e00000, 0x00000000a4e00000, 0x00000000a4f00000|  0%| F|  |TAMS 0x00000000a4e00000, 0x00000000a4e00000| Untracked 
|  43|0x00000000a4f00000, 0x00000000a4f00000, 0x00000000a5000000|  0%| F|  |TAMS 0x00000000a4f00000, 0x00000000a4f00000| Untracked 
|  44|0x00000000a5000000, 0x00000000a5000000, 0x00000000a5100000|  0%| F|  |TAMS 0x00000000a5000000, 0x00000000a5000000| Untracked 
|  45|0x00000000a5100000, 0x00000000a5100000, 0x00000000a5200000|  0%| F|  |TAMS 0x00000000a5100000, 0x00000000a5100000| Untracked 
|  46|0x00000000a5200000, 0x00000000a5200000, 0x00000000a5300000|  0%| F|  |TAMS 0x00000000a5200000, 0x00000000a5200000| Untracked 
|  47|0x00000000a5300000, 0x00000000a5300000, 0x00000000a5400000|  0%| F|  |TAMS 0x00000000a5300000, 0x00000000a5300000| Untracked 
|  48|0x00000000a5400000, 0x00000000a5400000, 0x00000000a5500000|  0%| F|  |TAMS 0x00000000a5400000, 0x00000000a5400000| Untracked 
|  49|0x00000000a5500000, 0x00000000a5500000, 0x00000000a5600000|  0%| F|  |TAMS 0x00000000a5500000, 0x00000000a5500000| Untracked 
|  50|0x00000000a5600000, 0x00000000a5600000, 0x00000000a5700000|  0%| F|  |TAMS 0x00000000a5600000, 0x00000000a5600000| Untracked 
|  51|0x00000000a5700000, 0x00000000a5700000, 0x00000000a5800000|  0%| F|  |TAMS 0x00000000a5700000, 0x00000000a5700000| Untracked 
|  52|0x00000000a5800000, 0x00000000a5800000, 0x00000000a5900000|  0%| F|  |TAMS 0x00000000a5800000, 0x00000000a5800000| Untracked 
|  53|0x00000000a5900000, 0x00000000a5900000, 0x00000000a5a00000|  0%| F|  |TAMS 0x00000000a5900000, 0x00000000a5900000| Untracked 
|  54|0x00000000a5a00000, 0x00000000a5a00000, 0x00000000a5b00000|  0%| F|  |TAMS 0x00000000a5a00000, 0x00000000a5a00000| Untracked 
|  55|0x00000000a5b00000, 0x00000000a5b00000, 0x00000000a5c00000|  0%| F|  |TAMS 0x00000000a5b00000, 0x00000000a5b00000| Untracked 
|  56|0x00000000a5c00000, 0x00000000a5c00000, 0x00000000a5d00000|  0%| F|  |TAMS 0x00000000a5c00000, 0x00000000a5c00000| Untracked 
|  57|0x00000000a5d00000, 0x00000000a5d00000, 0x00000000a5e00000|  0%| F|  |TAMS 0x00000000a5d00000, 0x00000000a5d00000| Untracked 
|  58|0x00000000a5e00000, 0x00000000a5e00000, 0x00000000a5f00000|  0%| F|  |TAMS 0x00000000a5e00000, 0x00000000a5e00000| Untracked 
|  59|0x00000000a5f00000, 0x00000000a5f00000, 0x00000000a6000000|  0%| F|  |TAMS 0x00000000a5f00000, 0x00000000a5f00000| Untracked 
|  60|0x00000000a6000000, 0x00000000a6000000, 0x00000000a6100000|  0%| F|  |TAMS 0x00000000a6000000, 0x00000000a6000000| Untracked 
|  61|0x00000000a6100000, 0x00000000a6100000, 0x00000000a6200000|  0%| F|  |TAMS 0x00000000a6100000, 0x00000000a6100000| Untracked 
|  62|0x00000000a6200000, 0x00000000a6200000, 0x00000000a6300000|  0%| F|  |TAMS 0x00000000a6200000, 0x00000000a6200000| Untracked 
|  63|0x00000000a6300000, 0x00000000a6300000, 0x00000000a6400000|  0%| F|  |TAMS 0x00000000a6300000, 0x00000000a6300000| Untracked 
|  64|0x00000000a6400000, 0x00000000a6400000, 0x00000000a6500000|  0%| F|  |TAMS 0x00000000a6400000, 0x00000000a6400000| Untracked 
|  65|0x00000000a6500000, 0x00000000a6500000, 0x00000000a6600000|  0%| F|  |TAMS 0x00000000a6500000, 0x00000000a6500000| Untracked 
|  66|0x00000000a6600000, 0x00000000a6600000, 0x00000000a6700000|  0%| F|  |TAMS 0x00000000a6600000, 0x00000000a6600000| Untracked 
|  67|0x00000000a6700000, 0x00000000a6700000, 0x00000000a6800000|  0%| F|  |TAMS 0x00000000a6700000, 0x00000000a6700000| Untracked 
|  68|0x00000000a6800000, 0x00000000a6800000, 0x00000000a6900000|  0%| F|  |TAMS 0x00000000a6800000, 0x00000000a6800000| Untracked 
|  69|0x00000000a6900000, 0x00000000a6900000, 0x00000000a6a00000|  0%| F|  |TAMS 0x00000000a6900000, 0x00000000a6900000| Untracked 
|  70|0x00000000a6a00000, 0x00000000a6a00000, 0x00000000a6b00000|  0%| F|  |TAMS 0x00000000a6a00000, 0x00000000a6a00000| Untracked 
|  71|0x00000000a6b00000, 0x00000000a6b00000, 0x00000000a6c00000|  0%| F|  |TAMS 0x00000000a6b00000, 0x00000000a6b00000| Untracked 
|  72|0x00000000a6c00000, 0x00000000a6c00000, 0x00000000a6d00000|  0%| F|  |TAMS 0x00000000a6c00000, 0x00000000a6c00000| Untracked 
|  73|0x00000000a6d00000, 0x00000000a6d00000, 0x00000000a6e00000|  0%| F|  |TAMS 0x00000000a6d00000, 0x00000000a6d00000| Untracked 
|  74|0x00000000a6e00000, 0x00000000a6e00000, 0x00000000a6f00000|  0%| F|  |TAMS 0x00000000a6e00000, 0x00000000a6e00000| Untracked 
|  75|0x00000000a6f00000, 0x00000000a6f00000, 0x00000000a7000000|  0%| F|  |TAMS 0x00000000a6f00000, 0x00000000a6f00000| Untracked 
|  76|0x00000000a7000000, 0x00000000a7000000, 0x00000000a7100000|  0%| F|  |TAMS 0x00000000a7000000, 0x00000000a7000000| Untracked 
|  77|0x00000000a7100000, 0x00000000a7100000, 0x00000000a7200000|  0%| F|  |TAMS 0x00000000a7100000, 0x00000000a7100000| Untracked 
|  78|0x00000000a7200000, 0x00000000a7200000, 0x00000000a7300000|  0%| F|  |TAMS 0x00000000a7200000, 0x00000000a7200000| Untracked 
|  79|0x00000000a7300000, 0x00000000a7300000, 0x00000000a7400000|  0%| F|  |TAMS 0x00000000a7300000, 0x00000000a7300000| Untracked 
|  80|0x00000000a7400000, 0x00000000a7400000, 0x00000000a7500000|  0%| F|  |TAMS 0x00000000a7400000, 0x00000000a7400000| Untracked 
|  81|0x00000000a7500000, 0x00000000a7500000, 0x00000000a7600000|  0%| F|  |TAMS 0x00000000a7500000, 0x00000000a7500000| Untracked 
|  82|0x00000000a7600000, 0x00000000a7700000, 0x00000000a7700000|100%| S|CS|TAMS 0x00000000a7600000, 0x00000000a7600000| Complete 
|  83|0x00000000a7700000, 0x00000000a7800000, 0x00000000a7800000|100%| S|CS|TAMS 0x00000000a7700000, 0x00000000a7700000| Complete 
|  84|0x00000000a7800000, 0x00000000a7800000, 0x00000000a7900000|  0%| F|  |TAMS 0x00000000a7800000, 0x00000000a7800000| Untracked 
|  85|0x00000000a7900000, 0x00000000a7900000, 0x00000000a7a00000|  0%| F|  |TAMS 0x00000000a7900000, 0x00000000a7900000| Untracked 
|  86|0x00000000a7a00000, 0x00000000a7a00000, 0x00000000a7b00000|  0%| F|  |TAMS 0x00000000a7a00000, 0x00000000a7a00000| Untracked 
|  87|0x00000000a7b00000, 0x00000000a7b00000, 0x00000000a7c00000|  0%| F|  |TAMS 0x00000000a7b00000, 0x00000000a7b00000| Untracked 
|  88|0x00000000a7c00000, 0x00000000a7c00000, 0x00000000a7d00000|  0%| F|  |TAMS 0x00000000a7c00000, 0x00000000a7c00000| Untracked 
|  89|0x00000000a7d00000, 0x00000000a7e00000, 0x00000000a7e00000|100%| E|  |TAMS 0x00000000a7d00000, 0x00000000a7d00000| Complete 
|  90|0x00000000a7e00000, 0x00000000a7f00000, 0x00000000a7f00000|100%| E|CS|TAMS 0x00000000a7e00000, 0x00000000a7e00000| Complete 
|  91|0x00000000a7f00000, 0x00000000a8000000, 0x00000000a8000000|100%| E|  |TAMS 0x00000000a7f00000, 0x00000000a7f00000| Complete 
|  92|0x00000000a8000000, 0x00000000a8100000, 0x00000000a8100000|100%| E|CS|TAMS 0x00000000a8000000, 0x00000000a8000000| Complete 
|  93|0x00000000a8100000, 0x00000000a8200000, 0x00000000a8200000|100%| E|CS|TAMS 0x00000000a8100000, 0x00000000a8100000| Complete 

Card table byte_map: [0x0000000019c40000,0x0000000019f30000] _byte_map_base: 0x000000001972e000

Marking Bits (Prev, Next): (CMBitMap*) 0x0000000000371fb8, (CMBitMap*) 0x0000000000371ff8
 Prev Bits: [0x000000001a220000, 0x000000001b990000)
 Next Bits: [0x000000001b990000, 0x000000001d100000)

Polling page: 0x0000000000440000

Metaspace:

Usage:
  Non-class:     15.91 MB capacity,    15.65 MB ( 98%) used,   229.31 KB (  1%) free+waste,    41.56 KB ( <1%) overhead. 
      Class:      2.20 MB capacity,     2.03 MB ( 92%) used,   151.80 KB (  7%) free+waste,    21.88 KB ( <1%) overhead. 
       Both:     18.11 MB capacity,    17.68 MB ( 98%) used,   381.12 KB (  2%) free+waste,    63.44 KB ( <1%) overhead. 

Virtual space:
  Non-class space:       16.00 MB reserved,      16.00 MB (100%) committed 
      Class space:        1.00 GB reserved,       2.25 MB ( <1%) committed 
             Both:        1.02 GB reserved,      18.25 MB (  2%) committed 

Chunk freelists:
   Non-Class:  3.50 KB
       Class:  1.88 KB
        Both:  5.38 KB

CodeHeap 'non-profiled nmethods': size=120064Kb used=651Kb max_used=651Kb free=119412Kb
 bounds [0x00000000121f0000, 0x0000000012460000, 0x0000000019730000]
CodeHeap 'profiled nmethods': size=120000Kb used=4232Kb max_used=4337Kb free=115767Kb
 bounds [0x000000000acc0000, 0x000000000b100000, 0x00000000121f0000]
CodeHeap 'non-nmethods': size=5696Kb used=1291Kb max_used=1309Kb free=4404Kb
 bounds [0x000000000a730000, 0x000000000a9a0000, 0x000000000acc0000]
 total_blobs=3155 nmethods=2045 adapters=600
 compilation: enabled
              stopped_count=0, restarted_count=0
 full_count=0

Compilation events (10 events):
Event: 89.779 Thread 0x00000000204a1800 nmethod 2107 0x000000000acddb10 code [0x000000000acddd80, 0x000000000acde620]
Event: 90.152 Thread 0x000000002049c800 2108       4       javax.swing.JComponent::contains (27 bytes)
Event: 90.155 Thread 0x000000002049c800 nmethod 2108 0x0000000012292e90 code [0x0000000012293020, 0x00000000122930d8]
Event: 90.184 Thread 0x00000000204a1800 2109   !   3       java.awt.KeyboardFocusManager::getGlobalFocusOwner (20 bytes)
Event: 90.185 Thread 0x00000000204a1800 nmethod 2109 0x000000000ace8b90 code [0x000000000ace8da0, 0x000000000ace9290]
Event: 90.312 Thread 0x00000000204a1800 2110       3       java.awt.Window::dispatchEventImpl (23 bytes)
Event: 90.314 Thread 0x00000000204a1800 nmethod 2110 0x000000000acead10 code [0x000000000aceaf20, 0x000000000aceb720]
Event: 90.448 Thread 0x00000000204a1800 2111       3       sun.awt.SunToolkit::isTouchKeyboardAutoShowEnabled (4 bytes)
Event: 90.448 Thread 0x00000000204a1800 nmethod 2111 0x000000000acc2610 code [0x000000000acc27c0, 0x000000000acc2918]
Event: 90.866 Thread 0x00000000204a1800 2112   !   3       java.awt.DefaultKeyboardFocusManager::dispatchEvent (1616 bytes)

GC Heap History (6 events):
Event: 3.791 GC heap before
{Heap before GC invocations=0 (full 0):
 garbage-first heap   total 96256K, used 7168K [0x00000000a2400000, 0x0000000100000000)
  region size 1024K, 7 young (7168K), 0 survivors (0K)
 Metaspace       used 7807K, capacity 8111K, committed 8320K, reserved 1056768K
  class space    used 939K, capacity 1090K, committed 1152K, reserved 1048576K
}
Event: 3.809 GC heap after
{Heap after GC invocations=1 (full 0):
 garbage-first heap   total 96256K, used 2515K [0x00000000a2400000, 0x0000000100000000)
  region size 1024K, 1 young (1024K), 1 survivors (1024K)
 Metaspace       used 7807K, capacity 8111K, committed 8320K, reserved 1056768K
  class space    used 939K, capacity 1090K, committed 1152K, reserved 1048576K
}
Event: 7.571 GC heap before
{Heap before GC invocations=1 (full 0):
 garbage-first heap   total 96256K, used 5587K [0x00000000a2400000, 0x0000000100000000)
  region size 1024K, 4 young (4096K), 1 survivors (1024K)
 Metaspace       used 9734K, capacity 10091K, committed 10368K, reserved 1058816K
  class space    used 1170K, capacity 1347K, committed 1408K, reserved 1048576K
}
Event: 7.583 GC heap after
{Heap after GC invocations=2 (full 0):
 garbage-first heap   total 96256K, used 3280K [0x00000000a2400000, 0x0000000100000000)
  region size 1024K, 1 young (1024K), 1 survivors (1024K)
 Metaspace       used 9734K, capacity 10091K, committed 10368K, reserved 1058816K
  class space    used 1170K, capacity 1347K, committed 1408K, reserved 1048576K
}
Event: 9.753 GC heap before
{Heap before GC invocations=2 (full 0):
 garbage-first heap   total 96256K, used 12496K [0x00000000a2400000, 0x0000000100000000)
  region size 1024K, 10 young (10240K), 1 survivors (1024K)
 Metaspace       used 14162K, capacity 14587K, committed 14720K, reserved 1062912K
  class space    used 1645K, capacity 1814K, committed 1920K, reserved 1048576K
}
Event: 9.765 GC heap after
{Heap after GC invocations=3 (full 0):
 garbage-first heap   total 96256K, used 4968K [0x00000000a2400000, 0x0000000100000000)
  region size 1024K, 2 young (2048K), 2 survivors (2048K)
 Metaspace       used 14162K, capacity 14587K, committed 14720K, reserved 1062912K
  class space    used 1645K, capacity 1814K, committed 1920K, reserved 1048576K
}

Deoptimization events (10 events):
Event: 9.337 Thread 0x0000000021919800 Uncommon trap: reason=class_check action=maybe_recompile pc=0x0000000012257008 method=sun.security.util.math.intpoly.IntegerPolynomial$MutableElement.setSum(Lsun/security/util/math/IntegerModuloP;)Lsun/security/util/math/intpoly/IntegerPolynomial$MutableE
Event: 9.802 Thread 0x0000000021919800 Uncommon trap: reason=class_check action=maybe_recompile pc=0x000000001225ac1c method=sun.security.util.AbstractAlgorithmConstraints.checkAlgorithm([Ljava/lang/String;Ljava/lang/String;Lsun/security/util/AlgorithmDecomposer;)Z @ 81 c2
Event: 9.803 Thread 0x0000000021919800 Uncommon trap: reason=class_check action=maybe_recompile pc=0x000000001225ac1c method=sun.security.util.AbstractAlgorithmConstraints.checkAlgorithm([Ljava/lang/String;Ljava/lang/String;Lsun/security/util/AlgorithmDecomposer;)Z @ 81 c2
Event: 9.803 Thread 0x0000000021919800 Uncommon trap: reason=class_check action=maybe_recompile pc=0x000000001225ac1c method=sun.security.util.AbstractAlgorithmConstraints.checkAlgorithm([Ljava/lang/String;Ljava/lang/String;Lsun/security/util/AlgorithmDecomposer;)Z @ 81 c2
Event: 9.829 Thread 0x0000000021919800 Uncommon trap: reason=class_check action=maybe_recompile pc=0x000000001225ac1c method=sun.security.util.AbstractAlgorithmConstraints.checkAlgorithm([Ljava/lang/String;Ljava/lang/String;Lsun/security/util/AlgorithmDecomposer;)Z @ 81 c2
Event: 24.538 Thread 0x0000000021919800 Uncommon trap: reason=class_check action=maybe_recompile pc=0x0000000012209780 method=java.lang.String.equals(Ljava/lang/Object;)Z @ 8 c2
Event: 24.540 Thread 0x0000000021919800 Uncommon trap: reason=class_check action=maybe_recompile pc=0x0000000012209780 method=java.lang.String.equals(Ljava/lang/Object;)Z @ 8 c2
Event: 24.542 Thread 0x0000000021919800 Uncommon trap: reason=class_check action=maybe_recompile pc=0x0000000012209780 method=java.lang.String.equals(Ljava/lang/Object;)Z @ 8 c2
Event: 24.546 Thread 0x0000000021919800 Uncommon trap: reason=class_check action=maybe_recompile pc=0x0000000012209780 method=java.lang.String.equals(Ljava/lang/Object;)Z @ 8 c2
Event: 24.794 Thread 0x0000000021919800 Uncommon trap: reason=unstable_if action=reinterpret pc=0x000000001226e154 method=java.awt.MultipleGradientPaintContext.indexIntoGradientsArrays(F)I @ 24 c2

Classes redefined (0 events):
No events

Internal exceptions (10 events):
Event: 7.378 Thread 0x0000000021919800 Exception <a 'java/lang/NoSuchMethodError'{0x00000000a7f0a110}: java.lang.invoke.DirectMethodHandle$Holder.invokeStaticInit(Ljava/lang/Object;IIII)Ljava/lang/Object;> (0x00000000a7f0a110) thrown at [t:/workspace/open/src/hotspot/share/interpreter/linkReso
Event: 7.442 Thread 0x0000000021919800 Exception <a 'sun/nio/fs/WindowsException'{0x00000000a7f10370}> (0x00000000a7f10370) thrown at [t:/workspace/open/src/hotspot/share/prims/jni.cpp, line 615]
Event: 7.449 Thread 0x0000000021919800 Exception <a 'java/lang/NoSuchMethodError'{0x00000000a7f178b0}: java.lang.invoke.DirectMethodHandle$Holder.invokeSpecialIFC(Ljava/lang/Object;Ljava/lang/Object;I)I> (0x00000000a7f178b0) thrown at [t:/workspace/open/src/hotspot/share/interpreter/linkResolv
Event: 7.725 Thread 0x0000000021919800 Implicit null exception at 0x000000001223cc25 to 0x000000001223ccde
Event: 8.632 Thread 0x0000000021919800 Exception <a 'java/lang/NoSuchMethodError'{0x00000000a7b47198}: java.lang.invoke.DirectMethodHandle$Holder.invokeStaticInit(Ljava/lang/Object;Ljava/lang/Object;IIII)Ljava/lang/Object;> (0x00000000a7b47198) thrown at [t:/workspace/open/src/hotspot/share/in
Event: 24.496 Thread 0x0000000021919800 Exception <a 'java/lang/NoSuchMethodError'{0x00000000a7efe5b8}: java.lang.invoke.DirectMethodHandle$Holder.invokeStatic(Ljava/lang/Object;Ljava/lang/Object;Ljava/lang/Object;Ljava/lang/Object;Ljava/lang/Object;Ljava/lang/Object;Ljava/lang/Object;Ljava/lan
Event: 24.501 Thread 0x0000000021919800 Exception <a 'java/lang/NoSuchMethodError'{0x00000000a7d0ae48}: java.lang.invoke.DirectMethodHandle$Holder.invokeStatic(Ljava/lang/Object;Ljava/lang/Object;Ljava/lang/Object;Ljava/lang/Object;Ljava/lang/Object;Ljava/lang/Object;Ljava/lang/Object;Ljava/lan
Event: 24.506 Thread 0x0000000021919800 Exception <a 'java/lang/NoSuchMethodError'{0x00000000a7d172c0}: java.lang.invoke.DirectMethodHandle$Holder.invokeSpecial(Ljava/lang/Object;Ljava/lang/Object;JLjava/lang/Object;Ljava/lang/Object;Ljava/lang/Object;Ljava/lang/Object;)Ljava/lang/Object;> (0x0
Event: 24.507 Thread 0x0000000021919800 Exception <a 'java/lang/NoSuchMethodError'{0x00000000a7d1a6f8}: java.lang.invoke.DelegatingMethodHandle$Holder.reinvoke_L(Ljava/lang/Object;JLjava/lang/Object;Ljava/lang/Object;Ljava/lang/Object;Ljava/lang/Object;)Ljava/lang/Object;> (0x00000000a7d1a6f8) 
Event: 24.511 Thread 0x0000000021919800 Exception <a 'java/lang/NoSuchMethodError'{0x00000000a7d2b388}: java.lang.invoke.DirectMethodHandle$Holder.invokeStatic(Ljava/lang/Object;Ljava/lang/Object;Ljava/lang/Object;Ljava/lang/Object;J)Ljava/lang/Object;> (0x00000000a7d2b388) thrown at [t:/worksp

Events (10 events):
Event: 89.686 Thread 0x00000000204ac000 flushing nmethod 0x000000000adb0890
Event: 89.686 Thread 0x00000000204ac000 flushing nmethod 0x000000000adb9b10
Event: 89.686 Thread 0x00000000204ac000 flushing nmethod 0x000000000adf1490
Event: 89.686 Thread 0x00000000204ac000 flushing nmethod 0x000000000adf2210
Event: 89.686 Thread 0x00000000204ac000 flushing nmethod 0x000000000adfd390
Event: 89.686 Thread 0x00000000204ac000 flushing nmethod 0x000000000ae06f90
Event: 89.686 Thread 0x00000000204ac000 flushing nmethod 0x000000000ae07d10
Event: 89.686 Thread 0x00000000204ac000 flushing nmethod 0x000000000ae08410
Event: 89.686 Thread 0x00000000204ac000 flushing nmethod 0x000000000ae0a110
Event: 89.686 Thread 0x00000000204ac000 flushing nmethod 0x000000000ae0cd10


Dynamic libraries:
0x000000013f3a0000 - 0x000000013f3af000 	C:\Program Files\Java\jdk-12\bin\java.exe
0x00000000776a0000 - 0x0000000077849000 	C:\Windows\SYSTEM32\ntdll.dll
0x000007fed5220000 - 0x000007fed5236000 	C:\Program Files\AVAST Software\Avast\aswhook.dll
0x0000000077580000 - 0x000000007769f000 	C:\Windows\system32\kernel32.dll
0x000007fefd5f0000 - 0x000007fefd65b000 	C:\Windows\system32\KERNELBASE.dll
0x000007fef3780000 - 0x000007fef3798000 	C:\Program Files\Java\jdk-12\bin\jli.dll
0x000007fefde60000 - 0x000007fefdf3b000 	C:\Windows\system32\ADVAPI32.dll
0x000007fefe780000 - 0x000007fefe81f000 	C:\Windows\system32\msvcrt.dll
0x000007fefe130000 - 0x000007fefe14f000 	C:\Windows\SYSTEM32\sechost.dll
0x000007fefe4c0000 - 0x000007fefe5ed000 	C:\Windows\system32\RPCRT4.dll
0x000007fefbeb0000 - 0x000007fefc0a4000 	C:\Windows\WinSxS\amd64_microsoft.windows.common-controls_6595b64144ccf1df_6.0.7601.17514_none_fa396087175ac9ac\COMCTL32.dll
0x000007feff660000 - 0x000007feff6c7000 	C:\Windows\system32\GDI32.dll
0x0000000077480000 - 0x000000007757a000 	C:\Windows\system32\USER32.dll
0x000007fefd9d0000 - 0x000007fefd9de000 	C:\Windows\system32\LPK.dll
0x000007fefd810000 - 0x000007fefd8d9000 	C:\Windows\system32\USP10.dll
0x000007fefe850000 - 0x000007fefe8c1000 	C:\Windows\system32\SHLWAPI.dll
0x000007fefc540000 - 0x000007fefc54c000 	C:\Windows\system32\VERSION.dll
0x000007fece980000 - 0x000007fece996000 	C:\Program Files\Java\jdk-12\bin\VCRUNTIME140.dll
0x000007fed68b0000 - 0x000007fed68b4000 	C:\Program Files\Java\jdk-12\bin\api-ms-win-crt-runtime-l1-1-0.dll
0x000007fef34c0000 - 0x000007fef35b6000 	C:\Program Files\Java\jdk-12\bin\ucrtbase.DLL
0x000007fef62e0000 - 0x000007fef62e3000 	C:\Program Files\Java\jdk-12\bin\api-ms-win-core-localization-l1-2-0.dll
0x000007fef5e00000 - 0x000007fef5e03000 	C:\Program Files\Java\jdk-12\bin\api-ms-win-core-processthreads-l1-1-1.dll
0x000007fef54e0000 - 0x000007fef54e3000 	C:\Program Files\Java\jdk-12\bin\api-ms-win-core-file-l1-2-0.dll
0x000007fef53f0000 - 0x000007fef53f3000 	C:\Program Files\Java\jdk-12\bin\api-ms-win-core-timezone-l1-1-0.dll
0x000007fef41d0000 - 0x000007fef41d3000 	C:\Program Files\Java\jdk-12\bin\api-ms-win-core-file-l2-1-0.dll
0x000007fef3a40000 - 0x000007fef3a43000 	C:\Program Files\Java\jdk-12\bin\api-ms-win-core-synch-l1-2-0.dll
0x000007fefa240000 - 0x000007fefa244000 	C:\Program Files\Java\jdk-12\bin\api-ms-win-crt-string-l1-1-0.dll
0x000007fed5ae0000 - 0x000007fed5ae3000 	C:\Program Files\Java\jdk-12\bin\api-ms-win-crt-heap-l1-1-0.dll
0x000007fed5fe0000 - 0x000007fed5fe4000 	C:\Program Files\Java\jdk-12\bin\api-ms-win-crt-stdio-l1-1-0.dll
0x000007fed5320000 - 0x000007fed5324000 	C:\Program Files\Java\jdk-12\bin\api-ms-win-crt-convert-l1-1-0.dll
0x000007fed5ab0000 - 0x000007fed5ab3000 	C:\Program Files\Java\jdk-12\bin\api-ms-win-crt-environment-l1-1-0.dll
0x000007feceaf0000 - 0x000007feceaf3000 	C:\Program Files\Java\jdk-12\bin\api-ms-win-crt-filesystem-l1-1-0.dll
0x000007fed2350000 - 0x000007fed2355000 	C:\Program Files\Java\jdk-12\bin\api-ms-win-crt-math-l1-1-0.dll
0x000007fece910000 - 0x000007fece913000 	C:\Program Files\Java\jdk-12\bin\api-ms-win-crt-locale-l1-1-0.dll
0x000007fefe820000 - 0x000007fefe84e000 	C:\Windows\system32\IMM32.DLL
0x000007fefdf40000 - 0x000007fefe049000 	C:\Windows\system32\MSCTF.dll
0x000007fecd240000 - 0x000007fecd2ea000 	C:\Program Files\Java\jdk-12\bin\msvcp140.dll
0x000007fecd230000 - 0x000007fecd235000 	C:\Program Files\Java\jdk-12\bin\api-ms-win-crt-multibyte-l1-1-0.dll
0x000007fece960000 - 0x000007fece963000 	C:\Program Files\Java\jdk-12\bin\api-ms-win-crt-time-l1-1-0.dll
0x000007fed2360000 - 0x000007fed2363000 	C:\Program Files\Java\jdk-12\bin\api-ms-win-crt-utility-l1-1-0.dll
0x000007fecbe60000 - 0x000007fecc9d4000 	C:\Program Files\Java\jdk-12\bin\server\jvm.dll
0x000007fef9be0000 - 0x000007fef9be9000 	C:\Windows\system32\WSOCK32.dll
0x000007fefd980000 - 0x000007fefd9cd000 	C:\Windows\system32\WS2_32.dll
0x000007fefde50000 - 0x000007fefde58000 	C:\Windows\system32\NSI.dll
0x000007fefb6e0000 - 0x000007fefb71b000 	C:\Windows\system32\WINMM.dll
0x0000000077870000 - 0x0000000077877000 	C:\Windows\system32\PSAPI.DLL
0x000007fecd510000 - 0x000007fecd521000 	C:\Program Files\Java\jdk-12\bin\verify.dll
0x000007fefaff0000 - 0x000007fefb115000 	C:\Windows\system32\DBGHELP.DLL
0x000007fecd530000 - 0x000007fecd556000 	C:\Program Files\Java\jdk-12\bin\java.dll
0x000007fecd4f0000 - 0x000007fecd507000 	C:\Program Files\Java\jdk-12\bin\zip.dll
0x000007fece970000 - 0x000007fece97a000 	C:\Program Files\Java\jdk-12\bin\jimage.dll
0x000007fefe8d0000 - 0x000007feff658000 	C:\Windows\system32\SHELL32.dll
0x000007fefd9e0000 - 0x000007fefdbe3000 	C:\Windows\system32\ole32.dll
0x000007fefd460000 - 0x000007fefd46f000 	C:\Windows\system32\profapi.dll
0x000007fecd4d0000 - 0x000007fecd4e9000 	C:\Program Files\Java\jdk-12\bin\net.dll
0x000007fef7f20000 - 0x000007fef7f91000 	C:\Windows\system32\WINHTTP.dll
0x000007fef7eb0000 - 0x000007fef7f14000 	C:\Windows\system32\webio.dll
0x000007fefe5f0000 - 0x000007fefe775000 	C:\Windows\system32\urlmon.dll
0x000007fefd800000 - 0x000007fefd804000 	C:\Windows\system32\api-ms-win-downlevel-ole32-l1-1-0.dll
0x000007fefd480000 - 0x000007fefd484000 	C:\Windows\system32\api-ms-win-downlevel-shlwapi-l1-1-0.dll
0x000007fefd490000 - 0x000007fefd495000 	C:\Windows\system32\api-ms-win-downlevel-advapi32-l1-1-0.dll
0x000007fefd7f0000 - 0x000007fefd7f4000 	C:\Windows\system32\api-ms-win-downlevel-user32-l1-1-0.dll
0x000007fefd470000 - 0x000007fefd474000 	C:\Windows\system32\api-ms-win-downlevel-version-l1-1-0.dll
0x000007fefd500000 - 0x000007fefd503000 	C:\Windows\system32\api-ms-win-downlevel-normaliz-l1-1-0.dll
0x0000000077860000 - 0x0000000077863000 	C:\Windows\system32\normaliz.DLL
0x000007fefe1f0000 - 0x000007fefe4b7000 	C:\Windows\system32\iertutil.dll
0x000007fefdbf0000 - 0x000007fefde4a000 	C:\Windows\system32\WININET.dll
0x000007fefd4e0000 - 0x000007fefd4fe000 	C:\Windows\system32\USERENV.dll
0x000007fefcbf0000 - 0x000007fefcc45000 	C:\Windows\system32\mswsock.dll
0x000007fefcbe0000 - 0x000007fefcbe7000 	C:\Windows\System32\wship6.dll
0x000007fecd4b0000 - 0x000007fecd4c3000 	C:\Program Files\Java\jdk-12\bin\nio.dll
0x000007fecd2f0000 - 0x000007fecd48f000 	C:\Program Files\Java\jdk-12\bin\awt.dll
0x000007fefe050000 - 0x000007fefe127000 	C:\Windows\system32\OLEAUT32.dll
0x000007fec4530000 - 0x000007fec48f4000 	C:\Windows\system32\d2d1.dll
0x000007fefd250000 - 0x000007fefd25f000 	C:\Windows\system32\CRYPTBASE.dll
0x000007fefb760000 - 0x000007fefb778000 	C:\Windows\system32\DWMAPI.DLL
0x000007fecd1b0000 - 0x000007fecd230000 	C:\Program Files\Java\jdk-12\bin\freetype.dll
0x000007fecd140000 - 0x000007fecd1af000 	C:\Program Files\Java\jdk-12\bin\fontmanager.dll
0x000007fee77a0000 - 0x000007fee78bd000 	C:\Windows\system32\opengl32.dll
0x000007fee7770000 - 0x000007fee779d000 	C:\Windows\system32\GLU32.dll
0x000007fee7560000 - 0x000007fee7651000 	C:\Windows\system32\DDRAW.dll
0x000007fee7550000 - 0x000007fee7558000 	C:\Windows\system32\DCIMAN32.dll
0x000007feff730000 - 0x000007feff907000 	C:\Windows\system32\SETUPAPI.dll
0x000007fefd4a0000 - 0x000007fefd4d6000 	C:\Windows\system32\CFGMGR32.dll
0x000007fefd7d0000 - 0x000007fefd7ea000 	C:\Windows\system32\DEVOBJ.dll
0x000007fef6280000 - 0x000007fef628e000 	C:\Program Files\Java\jdk-12\bin\sunmscapi.dll
0x000007fefd660000 - 0x000007fefd7cd000 	C:\Windows\system32\CRYPT32.dll
0x000007fefd450000 - 0x000007fefd45f000 	C:\Windows\system32\MSASN1.dll
0x000007fefcdd0000 - 0x000007fefce20000 	C:\Windows\system32\ncrypt.dll
0x000007fefcda0000 - 0x000007fefcdc2000 	C:\Windows\system32\bcrypt.dll
0x000007fef50d0000 - 0x000007fef50f7000 	C:\Program Files\Java\jdk-12\bin\sunec.dll
0x000007fefcc50000 - 0x000007fefcc68000 	C:\Windows\system32\CRYPTSP.dll
0x000007fefc950000 - 0x000007fefc997000 	C:\Windows\system32\rsaenh.dll
0x000007fefa350000 - 0x000007fefa377000 	C:\Windows\system32\IPHLPAPI.DLL
0x000007fefa340000 - 0x000007fefa34b000 	C:\Windows\system32\WINNSI.DLL
0x000007fefa140000 - 0x000007fefa158000 	C:\Windows\system32\dhcpcsvc.DLL
0x000007fefa120000 - 0x000007fefa131000 	C:\Windows\system32\dhcpcsvc6.DLL
0x000007fefc610000 - 0x000007fefc617000 	C:\Windows\System32\wshtcpip.dll
0x000007fefca70000 - 0x000007fefcacb000 	C:\Windows\system32\DNSAPI.dll
0x000007fef56c0000 - 0x000007fef56c8000 	C:\Windows\system32\rasadhlp.dll
0x000007fefa1e0000 - 0x000007fefa233000 	C:\Windows\System32\fwpuclnt.dll

dbghelp: loaded successfully - version: 4.0.5 - missing functions: none
symbol engine: initialized successfully - sym options: 0x614 - pdb path: .;C:\Program Files\Java\jdk-12\bin;C:\Windows\SYSTEM32;C:\Program Files\AVAST Software\Avast;C:\Windows\WinSxS\amd64_microsoft.windows.common-controls_6595b64144ccf1df_6.0.7601.17514_none_fa396087175ac9ac;C:\Program Files\Java\jdk-12\bin\server

VM Arguments:
java_command: Vista.Pregunta
java_class_path (initial): C:\Users\Acer Aspire\Desktop\TERCER SEMESTRE\PARADIGMAS DE PROGRAMACION\Juego\target\classes;C:\Users\Acer Aspire\.m2\repository\io\github\vincenzopalazzo\material-ui-swing\1.1.2\material-ui-swing-1.1.2.jar;C:\Users\Acer Aspire\.m2\repository\org\swinglabs\swingx\1.6.1\swingx-1.6.1.jar;C:\Users\Acer Aspire\.m2\repository\com\jhlabs\filters\2.0.235\filters-2.0.235.jar;C:\Users\Acer Aspire\.m2\repository\org\swinglabs\swing-worker\1.1\swing-worker-1.1.jar;C:\Users\Acer Aspire\.m2\repository\com\github\jiconfont\jiconfont-swing\1.0.1\jiconfont-swing-1.0.1.jar;C:\Users\Acer Aspire\.m2\repository\com\github\jiconfont\jiconfont\1.0.0\jiconfont-1.0.0.jar
Launcher Type: SUN_STANDARD

[Global flags]
     intx CICompilerCount                          = 2                                         {product} {ergonomic}
     uint ConcGCThreads                            = 1                                         {product} {ergonomic}
     uint G1ConcRefinementThreads                  = 2                                         {product} {ergonomic}
   size_t G1HeapRegionSize                         = 1048576                                   {product} {ergonomic}
    uintx GCDrainStackTargetSize                   = 64                                        {product} {ergonomic}
   size_t InitialHeapSize                          = 98566144                                  {product} {ergonomic}
   size_t MarkStackSize                            = 4194304                                   {product} {ergonomic}
   size_t MaxHeapSize                              = 1572864000                                {product} {ergonomic}
   size_t MaxNewSize                               = 943718400                                 {product} {ergonomic}
   size_t MinHeapDeltaBytes                        = 1048576                                   {product} {ergonomic}
    uintx NonNMethodCodeHeapSize                   = 5825164                                {pd product} {ergonomic}
    uintx NonProfiledCodeHeapSize                  = 122916538                              {pd product} {ergonomic}
    uintx ProfiledCodeHeapSize                     = 122916538                              {pd product} {ergonomic}
    uintx ReservedCodeCacheSize                    = 251658240                              {pd product} {ergonomic}
     bool SegmentedCodeCache                       = true                                      {product} {ergonomic}
     bool UseCompressedClassPointers               = true                                 {lp64_product} {ergonomic}
     bool UseCompressedOops                        = true                                 {lp64_product} {ergonomic}
     bool UseG1GC                                  = true                                      {product} {ergonomic}
     bool UseLargePagesIndividualAllocation        = false                                  {pd product} {ergonomic}

Logging:
Log output configuration:
 #0: stdout all=warning uptime,level,tags
 #1: stderr all=off uptime,level,tags

Environment Variables:
JAVA_HOME=C:\Program Files\Java\jdk-12
PATH=C:\oraclexe\app\oracle\product\11.2.0\server\bin;C:\Program Files (x86)\Common Files\Oracle\Java\javapath;C:\Windows\system32;C:\Windows;C:\Windows\System32\Wbem;C:\Program Files\Java\jdk-12\bin;C:\Program Files\dotnet\;C:\Program Files\Microsoft SQL Server\Client SDK\ODBC\170\Tools\Binn\;C:\Program Files\Microsoft SQL Server\Client SDK\ODBC\110\Tools\Binn\;C:\Program Files (x86)\Microsoft SQL Server\120\Tools\Binn\;C:\Program Files\Microsoft SQL Server\120\Tools\Binn\;C:\Program Files\Microsoft SQL Server\120\DTS\Binn\;C:\Program Files (x86)\Microsoft SQL Server\120\Tools\Binn\ManagementStudio\;C:\Program Files (x86)\Microsoft SQL Server\120\DTS\Binn\;C:\Windows\System32\WindowsPowerShell\v1.0\;C:\Program Files\Microsoft SQL Server\130\Tools\Binn\;;C:\Users\Acer Aspire\AppData\Local\Programs\Microsoft VS Code\bin;C:\Users\Acer Aspire\.dotnet\tools
USERNAME=Acer Aspire
OS=Windows_NT
PROCESSOR_IDENTIFIER=Intel64 Family 6 Model 42 Stepping 7, GenuineIntel



---------------  S Y S T E M  ---------------

OS: Windows 7 , 64 bit Build 7601 (6.1.7601.18015)

CPU:total 2 (initial active 2) (2 cores per cpu, 1 threads per core) family 6 model 42 stepping 7, cmov, cx8, fxsr, mmx, sse, sse2, sse3, ssse3, sse4.1, sse4.2, popcnt, clmul, tsc, tscinvbit

Memory: 4k page, system-wide physical 5995M (904M free)
TotalPageFile size 12408M (AvailPageFile size 9M)
current process WorkingSet (physical memory assigned to process): 88M, peak: 88M
current process commit charge ("private bytes"): 194M, peak: 195M

vm_info: Java HotSpot(TM) 64-Bit Server VM (12+33) for windows-amd64 JRE (12+33), built on Feb 21 2019 02:31:50 by "mach5one" with MS VC++ 15.5 (VS2017)

END.
