#
# There is insufficient memory for the Java Runtime Environment to continue.
# Native memory allocation (mmap) failed to map 98566144 bytes for Failed to commit area from 0x00000000a2400000 to 0x00000000a8200000 of length 98566144.
# Possible reasons:
#   The system is out of physical RAM or swap space
#   The process is running with CompressedOops enabled, and the Java Heap may be blocking the growth of the native heap
# Possible solutions:
#   Reduce memory load on the system
#   Increase physical memory or swap space
#   Check if swap backing store is full
#   Decrease Java heap size (-Xmx/-Xms)
#   Decrease number of Java threads
#   Decrease Java thread stack sizes (-Xss)
#   Set larger code cache with -XX:ReservedCodeCacheSize=
# This output file may be truncated or incomplete.
#
#  Out of Memory Error (t:/workspace/open/src/hotspot/os/windows/os_windows.cpp:3254), pid=6528, tid=5060
#
# JRE version:  (12.0+33) (build )
# Java VM: Java HotSpot(TM) 64-Bit Server VM (12+33, mixed mode, aot, sharing, tiered, compressed oops, g1 gc, windows-amd64)
# No core dump will be written. Minidumps are not enabled by default on client versions of Windows
#

---------------  S U M M A R Y ------------

Command Line: -Dclassworlds.conf=C:\Program Files\NetBeans-12.6\netbeans\java\maven\bin\..\bin\m2.conf -Dmaven.home=C:\Program Files\NetBeans-12.6\netbeans\java\maven\bin\.. -Dlibrary.jansi.path=C:\Program Files\NetBeans-12.6\netbeans\java\maven\bin\..\lib\jansi-native -Dmaven.multiModuleProjectDirectory=C:\Users\Acer Aspire\Desktop\TERCER SEMESTRE\PARADIGMAS DE PROGRAMACION\Juego org.codehaus.plexus.classworlds.launcher.Launcher -Dexec.vmArgs= -Dexec.args=${exec.vmArgs} -classpath %classpath ${exec.mainClass} ${exec.appArgs} -Dexec.executable=C:\Program Files\Java\jdk-12\bin\java.exe -Dexec.mainClass=Vista.Pregunta -Dexec.classpathScope=runtime -Dexec.appArgs= -Dmaven.ext.class.path=C:\Program Files\NetBeans-12.6\netbeans\java\maven-nblib\netbeans-eventspy.jar -Dfile.encoding=UTF-8 org.codehaus.mojo:exec-maven-plugin:3.0.0:exec

Host: Intel(R) Celeron(R) CPU B815 @ 1.60GHz, 2 cores, 5G,  Windows 7 , 64 bit Build 7601 (6.1.7601.18015)
Time: Mon Jun  6 18:40:43 2022 Hora est. Pacífico, Sudamérica elapsed time: 0 seconds (0d 0h 0m 0s)

---------------  T H R E A D  ---------------

Current thread (0x00000000003bc000):  JavaThread "Unknown thread" [_thread_in_vm, id=5060, stack(0x0000000001e50000,0x0000000001f50000)]

Stack: [0x0000000001e50000,0x0000000001f50000]
Native frames: (J=compiled Java code, j=interpreted, Vv=VM code, C=native code)
V  [jvm.dll+0x63948a]
V  [jvm.dll+0x78b31f]
V  [jvm.dll+0x78c9c1]
V  [jvm.dll+0x78d013]
V  [jvm.dll+0x262138]
V  [jvm.dll+0x63698a]
V  [jvm.dll+0x62b505]
V  [jvm.dll+0x31d9bc]
V  [jvm.dll+0x31d7ef]
V  [jvm.dll+0x323526]
V  [jvm.dll+0x370f76]
V  [jvm.dll+0x370750]
V  [jvm.dll+0x2f786a]
V  [jvm.dll+0x2f8af2]
V  [jvm.dll+0x7657b7]
V  [jvm.dll+0x766e95]
V  [jvm.dll+0x37f089]
V  [jvm.dll+0x749b14]
V  [jvm.dll+0x3ee48d]
V  [jvm.dll+0x3f03c1]
C  [jli.dll+0x51cf]
C  [ucrtbase.DLL+0x1d885]
C  [kernel32.dll+0x1652d]
C  [ntdll.dll+0x2c541]


---------------  P R O C E S S  ---------------

Threads class SMR info:
_java_thread_list=0x000007fecc9348e8, length=0, elements={
}

Java Threads: ( => current thread )

Other Threads:
  0x00000000003f2000 GCTaskThread "GC Thread#0" [stack: 0x000000001d190000,0x000000001d290000] [id=9220]
  0x00000000003fc800 ConcurrentGCThread "G1 Main Marker" [stack: 0x000000001d290000,0x000000001d390000] [id=11800]
  0x00000000003fe000 ConcurrentGCThread "G1 Conc#0" [stack: 0x000000001d570000,0x000000001d670000] [id=6956]

[error occurred during error reporting (printing all threads), id 0xc0000005, EXCEPTION_ACCESS_VIOLATION (0xc0000005) at pc=0x000007fecc167a37]

VM state:not at safepoint (not fully initialized)

VM Mutex/Monitor currently owned by a thread:  ([mutex/lock_event])
[0x00000000003ba000] Heap_lock - owner thread: 0x00000000003bc000

Heap address: 0x00000000a2400000, size: 1500 MB, Compressed Oops mode: Non-zero based: 0x00000000a2400000
Narrow klass base: 0x0000000000000000, Narrow klass shift: 0

GC Heap History (0 events):
No events

Deoptimization events (0 events):
No events

Classes redefined (0 events):
No events

Internal exceptions (0 events):
No events

Events (0 events):
No events


Dynamic libraries:
0x000000013fa10000 - 0x000000013fa1f000 	C:\Program Files\Java\jdk-12\bin\java.exe
0x00000000776a0000 - 0x0000000077849000 	C:\Windows\SYSTEM32\ntdll.dll
0x000007fed5220000 - 0x000007fed5236000 	C:\Program Files\AVAST Software\Avast\aswhook.dll
0x0000000077580000 - 0x000000007769f000 	C:\Windows\system32\kernel32.dll
0x000007fefd5f0000 - 0x000007fefd65b000 	C:\Windows\system32\KERNELBASE.dll
0x000007fef3710000 - 0x000007fef3728000 	C:\Program Files\Java\jdk-12\bin\jli.dll
0x000007fefde60000 - 0x000007fefdf3b000 	C:\Windows\system32\ADVAPI32.dll
0x000007fefe780000 - 0x000007fefe81f000 	C:\Windows\system32\msvcrt.dll
0x000007fefe130000 - 0x000007fefe14f000 	C:\Windows\SYSTEM32\sechost.dll
0x000007fefe4c0000 - 0x000007fefe5ed000 	C:\Windows\system32\RPCRT4.dll
0x000007fefbeb0000 - 0x000007fefc0a4000 	C:\Windows\WinSxS\amd64_microsoft.windows.common-controls_6595b64144ccf1df_6.0.7601.17514_none_fa396087175ac9ac\COMCTL32.dll
0x000007feff660000 - 0x000007feff6c7000 	C:\Windows\system32\GDI32.dll
0x0000000077480000 - 0x000000007757a000 	C:\Windows\system32\USER32.dll
0x000007fefd9d0000 - 0x000007fefd9de000 	C:\Windows\system32\LPK.dll
0x000007fefd810000 - 0x000007fefd8d9000 	C:\Windows\system32\USP10.dll
0x000007fefe850000 - 0x000007fefe8c1000 	C:\Windows\system32\SHLWAPI.dll
0x000007fefc540000 - 0x000007fefc54c000 	C:\Windows\system32\VERSION.dll
0x000007fece980000 - 0x000007fece996000 	C:\Program Files\Java\jdk-12\bin\VCRUNTIME140.dll
0x000007fed68b0000 - 0x000007fed68b4000 	C:\Program Files\Java\jdk-12\bin\api-ms-win-crt-runtime-l1-1-0.dll
0x000007fef1350000 - 0x000007fef1446000 	C:\Program Files\Java\jdk-12\bin\ucrtbase.DLL
0x000007fefae60000 - 0x000007fefae63000 	C:\Program Files\Java\jdk-12\bin\api-ms-win-core-localization-l1-2-0.dll
0x000007fef5e00000 - 0x000007fef5e03000 	C:\Program Files\Java\jdk-12\bin\api-ms-win-core-processthreads-l1-1-1.dll
0x000007fef54e0000 - 0x000007fef54e3000 	C:\Program Files\Java\jdk-12\bin\api-ms-win-core-file-l1-2-0.dll
0x000007fef53f0000 - 0x000007fef53f3000 	C:\Program Files\Java\jdk-12\bin\api-ms-win-core-timezone-l1-1-0.dll
0x000007fef51b0000 - 0x000007fef51b3000 	C:\Program Files\Java\jdk-12\bin\api-ms-win-core-file-l2-1-0.dll
0x000007fef41d0000 - 0x000007fef41d3000 	C:\Program Files\Java\jdk-12\bin\api-ms-win-core-synch-l1-2-0.dll
0x000007fefa240000 - 0x000007fefa244000 	C:\Program Files\Java\jdk-12\bin\api-ms-win-crt-string-l1-1-0.dll
0x000007fed5ae0000 - 0x000007fed5ae3000 	C:\Program Files\Java\jdk-12\bin\api-ms-win-crt-heap-l1-1-0.dll
0x000007fed5fe0000 - 0x000007fed5fe4000 	C:\Program Files\Java\jdk-12\bin\api-ms-win-crt-stdio-l1-1-0.dll
0x000007fed5320000 - 0x000007fed5324000 	C:\Program Files\Java\jdk-12\bin\api-ms-win-crt-convert-l1-1-0.dll
0x000007fed5ab0000 - 0x000007fed5ab3000 	C:\Program Files\Java\jdk-12\bin\api-ms-win-crt-environment-l1-1-0.dll
0x000007feceaf0000 - 0x000007feceaf3000 	C:\Program Files\Java\jdk-12\bin\api-ms-win-crt-filesystem-l1-1-0.dll
0x000007fed2350000 - 0x000007fed2355000 	C:\Program Files\Java\jdk-12\bin\api-ms-win-crt-math-l1-1-0.dll
0x000007fece910000 - 0x000007fece913000 	C:\Program Files\Java\jdk-12\bin\api-ms-win-crt-locale-l1-1-0.dll
0x000007fefe820000 - 0x000007fefe84e000 	C:\Windows\system32\IMM32.DLL
0x000007fefdf40000 - 0x000007fefe049000 	C:\Windows\system32\MSCTF.dll
0x000007fecd240000 - 0x000007fecd2ea000 	C:\Program Files\Java\jdk-12\bin\msvcp140.dll
0x000007fecd230000 - 0x000007fecd235000 	C:\Program Files\Java\jdk-12\bin\api-ms-win-crt-multibyte-l1-1-0.dll
0x000007fece960000 - 0x000007fece963000 	C:\Program Files\Java\jdk-12\bin\api-ms-win-crt-time-l1-1-0.dll
0x000007fed2360000 - 0x000007fed2363000 	C:\Program Files\Java\jdk-12\bin\api-ms-win-crt-utility-l1-1-0.dll
0x000007fecbe60000 - 0x000007fecc9d4000 	C:\Program Files\Java\jdk-12\bin\server\jvm.dll
0x000007fef9be0000 - 0x000007fef9be9000 	C:\Windows\system32\WSOCK32.dll
0x000007fefd980000 - 0x000007fefd9cd000 	C:\Windows\system32\WS2_32.dll
0x000007fefde50000 - 0x000007fefde58000 	C:\Windows\system32\NSI.dll
0x000007fefb6e0000 - 0x000007fefb71b000 	C:\Windows\system32\WINMM.dll
0x0000000077870000 - 0x0000000077877000 	C:\Windows\system32\PSAPI.DLL
0x000007fecd510000 - 0x000007fecd521000 	C:\Program Files\Java\jdk-12\bin\verify.dll
0x000007fefaff0000 - 0x000007fefb115000 	C:\Windows\system32\DBGHELP.DLL
0x000007fecd530000 - 0x000007fecd556000 	C:\Program Files\Java\jdk-12\bin\java.dll
0x000007fecd4f0000 - 0x000007fecd507000 	C:\Program Files\Java\jdk-12\bin\zip.dll
0x000007fece970000 - 0x000007fece97a000 	C:\Program Files\Java\jdk-12\bin\jimage.dll

dbghelp: loaded successfully - version: 4.0.5 - missing functions: none
symbol engine: initialized successfully - sym options: 0x614 - pdb path: .;C:\Program Files\Java\jdk-12\bin;C:\Windows\SYSTEM32;C:\Program Files\AVAST Software\Avast;C:\Windows\WinSxS\amd64_microsoft.windows.common-controls_6595b64144ccf1df_6.0.7601.17514_none_fa396087175ac9ac;C:\Program Files\Java\jdk-12\bin\server

VM Arguments:
jvm_args: -Dclassworlds.conf=C:\Program Files\NetBeans-12.6\netbeans\java\maven\bin\..\bin\m2.conf -Dmaven.home=C:\Program Files\NetBeans-12.6\netbeans\java\maven\bin\.. -Dlibrary.jansi.path=C:\Program Files\NetBeans-12.6\netbeans\java\maven\bin\..\lib\jansi-native -Dmaven.multiModuleProjectDirectory=C:\Users\Acer Aspire\Desktop\TERCER SEMESTRE\PARADIGMAS DE PROGRAMACION\Juego 
java_command: org.codehaus.plexus.classworlds.launcher.Launcher -Dexec.vmArgs= -Dexec.args=${exec.vmArgs} -classpath %classpath ${exec.mainClass} ${exec.appArgs} -Dexec.executable=C:\Program Files\Java\jdk-12\bin\java.exe -Dexec.mainClass=Vista.Pregunta -Dexec.classpathScope=runtime -Dexec.appArgs= -Dmaven.ext.class.path=C:\Program Files\NetBeans-12.6\netbeans\java\maven-nblib\netbeans-eventspy.jar -Dfile.encoding=UTF-8 org.codehaus.mojo:exec-maven-plugin:3.0.0:exec
java_class_path (initial): C:\Program Files\NetBeans-12.6\netbeans\java\maven\bin\..\boot\plexus-classworlds-2.6.0.jar
Launcher Type: SUN_STANDARD

[Global flags]
     intx CICompilerCount                          = 2                                         {product} {ergonomic}
     uint ConcGCThreads                            = 1                                         {product} {ergonomic}
     uint G1ConcRefinementThreads                  = 2                                         {product} {ergonomic}
   size_t G1HeapRegionSize                         = 1048576                                   {product} {ergonomic}
    uintx GCDrainStackTargetSize                   = 64                                        {product} {ergonomic}
   size_t InitialHeapSize                          = 98566144                                  {product} {ergonomic}
   size_t MarkStackSize                            = 4194304                                   {product} {ergonomic}
   size_t MaxHeapSize                              = 1572864000                                {product} {ergonomic}
   size_t MinHeapDeltaBytes                        = 1048576                                   {product} {ergonomic}
    uintx NonNMethodCodeHeapSize                   = 5825164                                {pd product} {ergonomic}
    uintx NonProfiledCodeHeapSize                  = 122916538                              {pd product} {ergonomic}
    uintx ProfiledCodeHeapSize                     = 122916538                              {pd product} {ergonomic}
    uintx ReservedCodeCacheSize                    = 251658240                              {pd product} {ergonomic}
     bool SegmentedCodeCache                       = true                                      {product} {ergonomic}
     bool UseCompressedClassPointers               = true                                 {lp64_product} {ergonomic}
     bool UseCompressedOops                        = true                                 {lp64_product} {ergonomic}
     bool UseG1GC                                  = true                                      {product} {ergonomic}
     bool UseLargePagesIndividualAllocation        = false                                  {pd product} {ergonomic}

Logging:
Log output configuration:
 #0: stdout all=warning uptime,level,tags
 #1: stderr all=off uptime,level,tags

Environment Variables:
JAVA_HOME=C:\Program Files\Java\jdk-12
PATH=C:\oraclexe\app\oracle\product\11.2.0\server\bin;C:\Program Files (x86)\Common Files\Oracle\Java\javapath;C:\Windows\system32;C:\Windows;C:\Windows\System32\Wbem;C:\Program Files\Java\jdk-12\bin;C:\Program Files\dotnet\;C:\Program Files\Microsoft SQL Server\Client SDK\ODBC\170\Tools\Binn\;C:\Program Files\Microsoft SQL Server\Client SDK\ODBC\110\Tools\Binn\;C:\Program Files (x86)\Microsoft SQL Server\120\Tools\Binn\;C:\Program Files\Microsoft SQL Server\120\Tools\Binn\;C:\Program Files\Microsoft SQL Server\120\DTS\Binn\;C:\Program Files (x86)\Microsoft SQL Server\120\Tools\Binn\ManagementStudio\;C:\Program Files (x86)\Microsoft SQL Server\120\DTS\Binn\;C:\Windows\System32\WindowsPowerShell\v1.0\;C:\Program Files\Microsoft SQL Server\130\Tools\Binn\;;C:\Users\Acer Aspire\AppData\Local\Programs\Microsoft VS Code\bin;C:\Users\Acer Aspire\.dotnet\tools
USERNAME=Acer Aspire
OS=Windows_NT
PROCESSOR_IDENTIFIER=Intel64 Family 6 Model 42 Stepping 7, GenuineIntel



---------------  S Y S T E M  ---------------

OS: Windows 7 , 64 bit Build 7601 (6.1.7601.18015)

CPU:total 2 (initial active 2) (2 cores per cpu, 1 threads per core) family 6 model 42 stepping 7, cmov, cx8, fxsr, mmx, sse, sse2, sse3, ssse3, sse4.1, sse4.2, popcnt, clmul, tsc, tscinvbit

Memory: 4k page, system-wide physical 5995M (822M free)
TotalPageFile size 12408M (AvailPageFile size 36M)
current process WorkingSet (physical memory assigned to process): 10M, peak: 10M
current process commit charge ("private bytes"): 53M, peak: 145M

vm_info: Java HotSpot(TM) 64-Bit Server VM (12+33) for windows-amd64 JRE (12+33), built on Feb 21 2019 02:31:50 by "mach5one" with MS VC++ 15.5 (VS2017)

END.
